[----] Criterion v2.3.3
[====] Running 30 tests from sf_memsuite_grading:
[RUN ] sf_memsuite_grading::free_block_too_small
[PASS] sf_memsuite_grading::free_block_too_small: (0.00s)
[RUN ] sf_memsuite_grading::free_null
[PASS] sf_memsuite_grading::free_null: (0.00s)
[RUN ] sf_memsuite_grading::free_prev_alloc
[----] tests/grading_tests.c:1090: Assertion failed: SIGABRT should have been received
[FAIL] sf_memsuite_grading::free_prev_alloc: (0.00s)
[RUN ] sf_memsuite_grading::free_unallocated
[PASS] sf_memsuite_grading::free_unallocated: (0.00s)
[RUN ] sf_memsuite_grading::initialization
[----] tests/grading_tests.c:122: Assertion failed: Free block at 0x7fdf8f24b058 is not contained in the free list
[FAIL] sf_memsuite_grading::initialization: (0.00s)
[RUN ] sf_memsuite_grading::malloc_free_coalesce_both
[----] tests/grading_tests.c:122: Assertion failed: Free block at 0x7f77772055e8 is not contained in the free list
[FAIL] sf_memsuite_grading::malloc_free_coalesce_both: (0.00s)
[RUN ] sf_memsuite_grading::malloc_free_coalesce_lower
[----] tests/grading_tests.c:105: Assertion failed: Prev allocated bit is not correctly set for 0x7f8d6ab47108. Should be: 1
[FAIL] sf_memsuite_grading::malloc_free_coalesce_lower: (0.00s)
[RUN ] sf_memsuite_grading::malloc_free_coalesce_upper
[----] tests/grading_tests.c:122: Assertion failed: Free block at 0x7f8ed37a55e8 is not contained in the free list
[FAIL] sf_memsuite_grading::malloc_free_coalesce_upper: (0.00s)
[RUN ] sf_memsuite_grading::malloc_free_first_block
[----] tests/grading_tests.c:122: Assertion failed: Free block at 0x7f034f032248 is not contained in the free list
[FAIL] sf_memsuite_grading::malloc_free_first_block: (0.00s)
[RUN ] sf_memsuite_grading::malloc_free_last_block
[----] tests/grading_tests.c:122: Assertion failed: Free block at 0x7fc2a8448108 is not contained in the free list
[FAIL] sf_memsuite_grading::malloc_free_last_block: (0.00s)
[RUN ] sf_memsuite_grading::malloc_free_lifo
[----] tests/grading_tests.c:882: Assertion failed: malloc/free does not follow LIFO discipline
[FAIL] sf_memsuite_grading::malloc_free_lifo: (0.00s)
[RUN ] sf_memsuite_grading::malloc_free_no_coalesce
[----] tests/grading_tests.c:122: Assertion failed: Free block at 0x7fe6f772e3e8 is not contained in the free list
[FAIL] sf_memsuite_grading::malloc_free_no_coalesce: (0.00s)
[RUN ] sf_memsuite_grading::malloc_to_exhaustion
[----] tests/grading_tests.c:765: Assertion failed: Memory not exhausted when it should be
[FAIL] sf_memsuite_grading::malloc_to_exhaustion: (0.00s)
[RUN ] sf_memsuite_grading::malloc_with_splinter
[PASS] sf_memsuite_grading::malloc_with_splinter: (0.00s)
[RUN ] sf_memsuite_grading::realloc_larger
[PASS] sf_memsuite_grading::realloc_larger: (0.00s)
[RUN ] sf_memsuite_grading::realloc_same
[PASS] sf_memsuite_grading::realloc_same: (0.00s)
[RUN ] sf_memsuite_grading::realloc_size_0
[----] tests/grading_tests.c:186: Assertion failed: Payload pointer should be NULL
[FAIL] sf_memsuite_grading::realloc_size_0: (0.00s)
[RUN ] sf_memsuite_grading::realloc_smaller
[PASS] sf_memsuite_grading::realloc_smaller: (0.00s)
[RUN ] sf_memsuite_grading::realloc_splinter
[PASS] sf_memsuite_grading::realloc_splinter: (0.00s)
[RUN ] sf_memsuite_grading::sf_memalign_test_1
[----] tests/grading_tests.c:778: Unexpected signal caught below this line!
[FAIL] sf_memsuite_grading::sf_memalign_test_1: CRASH!
[RUN ] sf_memsuite_grading::sf_memalign_test_2
[----] tests/grading_tests.c:808: Unexpected signal caught below this line!
[FAIL] sf_memsuite_grading::sf_memalign_test_2: CRASH!
[RUN ] sf_memsuite_grading::sf_memalign_test_3
Heap start: 0x7f6f32c6e010, end: 0x7f6f32c70010, size: 8192
0x7f6f32c6e010: [UNUSED  ]                             
0x7f6f32c6e018: [PROLOGUE][sz:       32, al: 1, pal: 0]
0x7f6f32c6e038: [FREE BLK][sz:     8144, al: 0, pal: 1][prev:0x7f6f32c6e188, next:0x5650f85dcaf0]
0x7f6f32c70008: [EPILOGUE][sz:        0, al: 1, pal: 0]


Free lists:
[0x5650f85dca60]: 
[0x5650f85dca78]: 
[0x5650f85dca90]: 
    0x7f6f32c6e108: [FREE BLK][sz:       96, al: 0, pal: 1][prev:0x5650f85dca90, next:0x5650f85dca90]
[0x5650f85dcaa8]: 
[0x5650f85dcac0]: 
[0x5650f85dcad8]: 
[0x5650f85dcaf0]: 
    0x7f6f32c6e038: [FREE BLK][sz:     8144, al: 0, pal: 1][prev:0x7f6f32c6e188, next:0x5650f85dcaf0]
[0x5650f85dcb08]: 

[----] tests/grading_tests.c:122: Assertion failed: Free block at 0x7f6f32c6e038 is not contained in the free list
[FAIL] sf_memsuite_grading::sf_memalign_test_3: (0.00s)
[RUN ] sf_memsuite_grading::single_malloc_1
[----] tests/grading_tests.c:122: Assertion failed: Free block at 0x7f6cad52e058 is not contained in the free list
[FAIL] sf_memsuite_grading::single_malloc_1: (0.00s)
[RUN ] sf_memsuite_grading::single_malloc_16
[----] tests/grading_tests.c:122: Assertion failed: Free block at 0x7f61f92cf058 is not contained in the free list
[FAIL] sf_memsuite_grading::single_malloc_16: (0.00s)
[RUN ] sf_memsuite_grading::single_malloc_32
[----] tests/grading_tests.c:122: Assertion failed: Free block at 0x7fd6e22a2068 is not contained in the free list
[FAIL] sf_memsuite_grading::single_malloc_32: (0.00s)
[RUN ] sf_memsuite_grading::single_malloc_exactly_one_page_needed
[PASS] sf_memsuite_grading::single_malloc_exactly_one_page_needed: (0.00s)
[RUN ] sf_memsuite_grading::single_malloc_max
[PASS] sf_memsuite_grading::single_malloc_max: (0.00s)
[RUN ] sf_memsuite_grading::single_malloc_more_than_one_page_needed
[----] tests/grading_tests.c:122: Assertion failed: Free block at 0x7f469ba1f038 is not contained in the free list
[FAIL] sf_memsuite_grading::single_malloc_more_than_one_page_needed: (0.00s)
[RUN ] sf_memsuite_grading::single_malloc_three_pages_needed
[----] tests/grading_tests.c:122: Assertion failed: Free block at 0x7f96a750ce08 is not contained in the free list
[FAIL] sf_memsuite_grading::single_malloc_three_pages_needed: (0.00s)
[RUN ] sf_memsuite_grading::stress_test
[----] tests/grading_tests.c:122: Assertion failed: Free block at 0x7fa108e31038 is not contained in the free list
[FAIL] sf_memsuite_grading::stress_test: (0.00s)
[====] Running 9 tests from sfmm_basecode_suite:
[RUN ] sfmm_basecode_suite::free_coalesce
[PASS] sfmm_basecode_suite::free_coalesce: (0.00s)
[RUN ] sfmm_basecode_suite::free_no_coalesce
[PASS] sfmm_basecode_suite::free_no_coalesce: (0.00s)
[RUN ] sfmm_basecode_suite::freelist
[PASS] sfmm_basecode_suite::freelist: (0.00s)
[RUN ] sfmm_basecode_suite::malloc_an_int
[PASS] sfmm_basecode_suite::malloc_an_int: (0.00s)
[RUN ] sfmm_basecode_suite::malloc_four_pages
[PASS] sfmm_basecode_suite::malloc_four_pages: (0.00s)
[RUN ] sfmm_basecode_suite::malloc_too_large
[PASS] sfmm_basecode_suite::malloc_too_large: (0.00s)
[RUN ] sfmm_basecode_suite::realloc_larger_block
[PASS] sfmm_basecode_suite::realloc_larger_block: (0.00s)
[RUN ] sfmm_basecode_suite::realloc_smaller_block_free_block
[PASS] sfmm_basecode_suite::realloc_smaller_block_free_block: (0.00s)
[RUN ] sfmm_basecode_suite::realloc_smaller_block_splinter
[PASS] sfmm_basecode_suite::realloc_smaller_block_splinter: (0.00s)
[----] Writing xml report in `crit.xml`.
[====] Synthesis: Tested: 39 | Passing: 19 | Failing: 20 | Crashing: 2 
